<?xml version="1.0" encoding="UTF-8"?>
<!-- Generated by org.testng.reporters.JUnitReportReporter -->
<testsuite skipped="0" hostname="DESKTOP-H62DAKF" name="automategoodreads.Testgoodreads" tests="2" failures="0" timestamp="2022-08-13T00:42:32 IST" time="3.986" errors="0">
  <testcase name="ByFb" time="0.002" classname="automategoodreads.Testgoodreads"/>
  <system-out/>
  <testcase name="ByEmail" time="3.984" classname="automategoodreads.Testgoodreads"/>
  <system-out/>
</testsuite> <!-- automategoodreads.Testgoodreads -->
