<?xml version="1.0" encoding="UTF-8"?>
<!-- Generated by org.testng.reporters.JUnitReportReporter -->
<testsuite skipped="1" hostname="DESKTOP-H62DAKF" name="automategoodreads.Testgoodreads" tests="2" failures="0" timestamp="2022-08-15T13:46:18 IST" time="27.435" errors="0">
  <testcase name="Signinemail" time="27.435" classname="automategoodreads.Testgoodreads"/>
  <system-out/>
  <testcase name="ByEmail" classname="automategoodreads.Testgoodreads">
    <skipped/>
  </testcase> <!-- ByEmail -->
  <system-out/>
</testsuite> <!-- automategoodreads.Testgoodreads -->
